{"total": {"lines":{"total":54,"covered":53,"skipped":0,"pct":98.14},"statements":{"total":61,"covered":60,"skipped":0,"pct":98.36},"functions":{"total":10,"covered":10,"skipped":0,"pct":100},"branches":{"total":27,"covered":25,"skipped":0,"pct":92.59},"branchesTrue":{"total":0,"covered":0,"skipped":0,"pct":"Unknown"}}
,"/Users/parkjigeon/Desktop/CS 220 Project/02-image-processing-with-hof/src/imageProcessingHOF.ts": {"lines":{"total":54,"covered":53,"skipped":0,"pct":98.14},"functions":{"total":10,"covered":10,"skipped":0,"pct":100},"statements":{"total":61,"covered":60,"skipped":0,"pct":98.36},"branches":{"total":27,"covered":25,"skipped":0,"pct":92.59}}
}
