TN:
SF:src/imageProcessingHOF.ts
FN:3,imageMapCoord
FN:14,imageMapIf
FN:20,(anonymous_2)
FN:27,mapWindow
FN:42,inInterval
FN:48,isGrayish
FN:58,makeGrayish
FN:74,pixelBlur
FN:95,imageBlur
FN:97,(anonymous_9)
FNF:10
FNH:10
FNDA:13,imageMapCoord
FNDA:7,imageMapIf
FNDA:213,(anonymous_2)
FNDA:5,mapWindow
FNDA:109,inInterval
FNDA:306,isGrayish
FNDA:3,makeGrayish
FNDA:71,pixelBlur
FNDA:3,imageBlur
FNDA:67,(anonymous_9)
DA:3,1
DA:5,13
DA:6,13
DA:7,73
DA:8,505
DA:11,13
DA:14,1
DA:20,7
DA:21,213
DA:22,213
DA:24,7
DA:27,1
DA:34,5
DA:35,5
DA:36,5
DA:37,5
DA:39,5
DA:40,0
DA:43,109
DA:45,5
DA:48,1
DA:50,306
DA:51,306
DA:52,306
DA:53,202
DA:55,104
DA:58,1
DA:60,3
DA:61,3
DA:62,30
DA:63,300
DA:64,300
DA:65,200
DA:66,200
DA:67,200
DA:71,3
DA:74,1
DA:76,71
DA:77,71
DA:78,71
DA:79,71
DA:80,71
DA:81,71
DA:82,71
DA:83,184
DA:84,480
DA:85,480
DA:86,480
DA:87,480
DA:88,480
DA:91,71
DA:92,71
DA:95,1
DA:97,67
LF:54
LH:53
BRDA:22,0,0,209
BRDA:22,0,1,4
BRDA:34,1,0,2
BRDA:34,1,1,3
BRDA:35,2,0,2
BRDA:35,2,1,3
BRDA:36,3,0,2
BRDA:36,3,1,3
BRDA:37,4,0,0
BRDA:37,4,1,5
BRDA:39,5,0,0
BRDA:39,6,0,5
BRDA:39,6,1,5
BRDA:43,7,0,109
BRDA:43,7,1,109
BRDA:43,7,2,109
BRDA:43,7,3,109
BRDA:52,8,0,202
BRDA:64,9,0,200
BRDA:76,10,0,13
BRDA:76,10,1,58
BRDA:77,11,0,16
BRDA:77,11,1,55
BRDA:78,12,0,14
BRDA:78,12,1,57
BRDA:79,13,0,15
BRDA:79,13,1,56
BRF:27
BRH:25
end_of_record
